<?xml version="1.0" encoding="UTF-8"?>
<!-- Generated by org.testng.reporters.JUnitReportReporter -->
<testsuite hostname="DESKTOP-AMVOLCN" failures="0" tests="6" name="newtestcases.Testingcase1" time="0.035" errors="0" timestamp="2024-08-25T03:41:50 PDT" skipped="0">
  <testcase classname="newtestcases.Testingcase1" name="userRegistration" time="0.006"/>
  <testcase classname="newtestcases.Testingcase1" name="userRegistration" time="0.005"/>
  <testcase classname="newtestcases.Testingcase1" name="userRegistration" time="0.003"/>
  <testcase classname="newtestcases.Testingcase1" name="login" time="0.004"/>
  <testcase classname="newtestcases.Testingcase1" name="login" time="0.013"/>
  <testcase classname="newtestcases.Testingcase1" name="login" time="0.004"/>
</testsuite> <!-- newtestcases.Testingcase1 -->
