<?xml version="1.0" encoding="UTF-8"?>
<!-- Generated by org.testng.reporters.JUnitReportReporter -->
<testsuite hostname="DESKTOP-AMVOLCN" failures="0" tests="2" name="newtestcases.Testingcase2" time="0.033" errors="0" timestamp="2024-08-25T03:41:50 PDT" skipped="0">
  <testcase classname="newtestcases.Testingcase2" name="validateTitle" time="0.013"/>
  <testcase classname="newtestcases.Testingcase2" name="validateTitle" time="0.020"/>
</testsuite> <!-- newtestcases.Testingcase2 -->
