<?xml version="1.0" encoding="UTF-8"?>
<!-- Generated by org.testng.reporters.JUnitReportReporter -->
<testsuite hostname="DESKTOP-AMVOLCN" failures="0" tests="1" name="testCases.loginTest" time="0.244" errors="0" timestamp="2024-09-01T01:58:20 PDT" skipped="0">
  <testcase classname="testCases.loginTest" name="getheading" time="0.244"/>
</testsuite> <!-- testCases.loginTest -->
